19:00:51.528 [info] tracking subscription 0x5 for #PID<0.505.0>
19:00:51.538 [info] tracking subscription 0x6 for #PID<0.503.0>
19:01:01.540 [info] [BlockPing] current block: 20840826 (0x13e017a)
19:01:15.915 [info] tracking subscription 0x7 for #PID<0.492.0>
19:01:15.922 [info] tracking subscription 0x8 for #PID<0.490.0>
19:01:25.924 [info] [BlockPing] current block: 20840826 (0x13e017a)
19:02:04.378 [info] tracking subscription 0x9 for #PID<0.507.0>
19:02:04.385 [info] tracking subscription 0xa for #PID<0.505.0>
19:05:39.088 [info] tracking subscription 0xb for #PID<0.508.0>
19:05:39.095 [info] tracking subscription 0xc for #PID<0.506.0>
19:10:52.634 [info] tracking subscription 0xd for #PID<0.508.0>
19:10:52.643 [info] tracking subscription 0xe for #PID<0.506.0>
19:12:14.481 [info] tracking subscription 0xf for #PID<0.505.0>
19:12:14.488 [info] tracking subscription 0x10 for #PID<0.503.0>
19:12:41.608 [info] tracking subscription 0x11 for #PID<0.505.0>
19:12:41.616 [info] tracking subscription 0x12 for #PID<0.503.0>
19:12:51.617 [info] [BlockPing] current block: 20840826 (0x13e017a)
19:14:05.731 [error] GenServer LogSaver terminating
** (ArgumentError) construction of binary failed: segment 1 of type 'binary': expected a binary but got: nil
    (arbitrage_bot_v1 0.1.0) lib/log/log_saver.ex:32: LogSaver.handle_cast/2
    (stdlib 5.1.1) gen_server.erl:1103: :gen_server.try_handle_cast/3
    (stdlib 5.1.1) gen_server.erl:1165: :gen_server.handle_msg/6
    (stdlib 5.1.1) proc_lib.erl:241: :proc_lib.init_p_do_apply/3
Last message: {:"$gen_cast", :save_logs}
State: []
19:14:06.155 [info] tracking subscription 0x13 for #PID<0.506.0>
19:14:06.161 [info] tracking subscription 0x14 for #PID<0.504.0>
19:14:16.163 [info] [BlockPing] current block: 20840826 (0x13e017a)
19:18:17.931 [error] GenServer LogSaver terminating
** (ArgumentError) construction of binary failed: segment 1 of type 'binary': expected a binary but got: nil
    (arbitrage_bot_v1 0.1.0) lib/log/log_saver.ex:32: LogSaver.handle_cast/2
    (stdlib 5.1.1) gen_server.erl:1103: :gen_server.try_handle_cast/3
    (stdlib 5.1.1) gen_server.erl:1165: :gen_server.handle_msg/6
    (stdlib 5.1.1) proc_lib.erl:241: :proc_lib.init_p_do_apply/3
Last message: {:"$gen_cast", :save_logs}
State: []
19:18:18.350 [info] Application arbitrage_bot_v1 exited: ArbitrageBotV1.Application.start(:normal, []) returned an error: shutdown: failed to start child: DexBot
    ** (EXIT) an exception was raised:
        ** (UndefinedFunctionError) function Logger.info/1 is undefined or private
            (logger 1.17.0-dev) Logger.info(["pancakeswap", "sushiswap", "uniswap"])
            (arbitrage_bot_v1 0.1.0) lib/initialise_dex_bot.ex:39: InitialiseDexBot.extract_list_pairs/0
            (arbitrage_bot_v1 0.1.0) lib/dex_bot.ex:35: anonymous fn/2 in DexBot.init/1
            (stdlib 5.1.1) gen_server.erl:962: :gen_server.init_it/2
            (stdlib 5.1.1) gen_server.erl:917: :gen_server.init_it/6
            (stdlib 5.1.1) proc_lib.erl:241: :proc_lib.init_p_do_apply/3
19:18:18.353 [info] Application con_cache exited: :stopped
19:18:18.353 [info] Application httpoison exited: :stopped
19:18:18.353 [info] Application hackney exited: :stopped
19:18:18.353 [info] Application metrics exited: :stopped
19:18:18.353 [info] Application ssl_verify_fun exited: :stopped
19:18:18.353 [info] Application parse_trans exited: :stopped
19:18:18.353 [info] Application syntax_tools exited: :stopped
19:18:18.354 [info] Application certifi exited: :stopped
19:18:18.354 [info] Application mimerl exited: :stopped
19:18:18.354 [info] Application w3ws exited: :stopped
19:18:18.354 [info] Application wind exited: :stopped
19:18:18.354 [info] Application mint_web_socket exited: :stopped
19:18:18.354 [info] Application ethers exited: :stopped
19:18:18.354 [info] Application idna exited: :stopped
19:18:18.354 [info] Application unicode_util_compat exited: :stopped
19:18:18.354 [info] Application ex_rlp exited: :stopped
19:18:18.354 [info] Application ex_abi exited: :stopped
19:18:18.354 [info] Application ex_keccak exited: :stopped
19:18:18.354 [info] Application rustler_precompiled exited: :stopped
19:18:18.354 [info] Application ethereumex exited: :stopped
19:18:18.355 [info] Application poolboy exited: :stopped
19:18:18.355 [info] Application finch exited: :stopped
19:18:18.355 [info] Application nimble_options exited: :stopped
19:18:18.356 [info] Application nimble_pool exited: :stopped
19:18:18.356 [info] Application mint exited: :stopped
19:18:18.356 [info] Application hpax exited: :stopped
19:18:18.356 [info] Application castore exited: :stopped
19:18:18.356 [info] Application jason exited: :stopped
19:18:18.356 [info] Application decimal exited: :stopped
19:18:18.357 [info] Application server exited: :stopped
19:18:18.358 [info] Application plug_cowboy exited: :stopped
19:18:18.358 [info] Application cowboy_telemetry exited: :stopped
19:18:18.358 [info] Application cowboy exited: :stopped
19:18:18.359 [info] Application ranch exited: :stopped
19:18:18.359 [info] Application cowlib exited: :stopped
19:18:18.360 [info] Application plug exited: :stopped
19:18:18.361 [info] Application telemetry exited: :stopped
19:18:18.361 [info] Application plug_crypto exited: :stopped
19:18:18.361 [info] Application mime exited: :stopped
19:18:18.362 [info] Application eex exited: :stopped
19:27:40.943 [error] GenServer LogSaver terminating
** (ArgumentError) construction of binary failed: segment 1 of type 'binary': expected a binary but got: nil
    (arbitrage_bot_v1 0.1.0) lib/log/log_saver.ex:32: LogSaver.handle_cast/2
    (stdlib 5.1.1) gen_server.erl:1103: :gen_server.try_handle_cast/3
    (stdlib 5.1.1) gen_server.erl:1165: :gen_server.handle_msg/6
    (stdlib 5.1.1) proc_lib.erl:241: :proc_lib.init_p_do_apply/3
Last message: {:"$gen_cast", :save_logs}
State: []
19:27:41.312 [info] Application arbitrage_bot_v1 exited: ArbitrageBotV1.Application.start(:normal, []) returned an error: shutdown: failed to start child: DexBot
    ** (EXIT) an exception was raised:
        ** (UndefinedFunctionError) function Logger.info/1 is undefined or private
            (logger 1.17.0-dev) Logger.info(#Function<0.102734146/0 in LogWritter.ipt/2>)
            (arbitrage_bot_v1 0.1.0) lib/log/log_writter.ex:21: LogWritter.ipt/2
            (arbitrage_bot_v1 0.1.0) lib/initialise_dex_bot.ex:35: InitialiseDexBot.extract_list_pairs/0
            (arbitrage_bot_v1 0.1.0) lib/dex_bot.ex:35: anonymous fn/2 in DexBot.init/1
            (stdlib 5.1.1) gen_server.erl:962: :gen_server.init_it/2
            (stdlib 5.1.1) gen_server.erl:917: :gen_server.init_it/6
            (stdlib 5.1.1) proc_lib.erl:241: :proc_lib.init_p_do_apply/3
19:27:41.317 [info] Application con_cache exited: :stopped
19:27:41.317 [info] Application httpoison exited: :stopped
19:27:41.317 [info] Application hackney exited: :stopped
19:27:41.317 [info] Application metrics exited: :stopped
19:27:41.318 [info] Application ssl_verify_fun exited: :stopped
19:27:41.318 [info] Application parse_trans exited: :stopped
19:27:41.318 [info] Application syntax_tools exited: :stopped
19:27:41.318 [info] Application certifi exited: :stopped
19:27:41.318 [info] Application mimerl exited: :stopped
19:27:41.318 [info] Application w3ws exited: :stopped
19:27:41.318 [info] Application wind exited: :stopped
19:27:41.318 [info] Application mint_web_socket exited: :stopped
19:27:41.318 [info] Application ethers exited: :stopped
19:27:41.318 [info] Application idna exited: :stopped
19:27:41.318 [info] Application unicode_util_compat exited: :stopped
19:27:41.318 [info] Application ex_rlp exited: :stopped
19:27:41.318 [info] Application ex_abi exited: :stopped
19:27:41.318 [info] Application ex_keccak exited: :stopped
19:27:41.318 [info] Application rustler_precompiled exited: :stopped
19:27:41.319 [info] Application ethereumex exited: :stopped
19:27:41.319 [info] Application poolboy exited: :stopped
19:27:41.319 [info] Application finch exited: :stopped
19:27:41.319 [info] Application nimble_options exited: :stopped
19:27:41.319 [info] Application nimble_pool exited: :stopped
19:27:41.319 [info] Application mint exited: :stopped
19:27:41.319 [info] Application hpax exited: :stopped
19:27:41.319 [info] Application castore exited: :stopped
19:27:41.319 [info] Application jason exited: :stopped
19:27:41.319 [info] Application decimal exited: :stopped
19:27:41.320 [info] Application server exited: :stopped
19:27:41.321 [info] Application plug_cowboy exited: :stopped
19:27:41.321 [info] Application cowboy_telemetry exited: :stopped
19:27:41.321 [info] Application cowboy exited: :stopped
19:27:41.322 [info] Application ranch exited: :stopped
19:27:41.322 [info] Application cowlib exited: :stopped
19:27:41.322 [info] Application plug exited: :stopped
19:27:41.323 [info] Application telemetry exited: :stopped
19:27:41.323 [info] Application plug_crypto exited: :stopped
19:27:41.323 [info] Application mime exited: :stopped
19:27:41.323 [info] Application eex exited: :stopped
19:32:48.466 [error] GenServer LogSaver terminating
** (ArgumentError) construction of binary failed: segment 1 of type 'binary': expected a binary but got: nil
    (arbitrage_bot_v1 0.1.0) lib/log/log_saver.ex:32: LogSaver.handle_cast/2
    (stdlib 5.1.1) gen_server.erl:1103: :gen_server.try_handle_cast/3
    (stdlib 5.1.1) gen_server.erl:1165: :gen_server.handle_msg/6
    (stdlib 5.1.1) proc_lib.erl:241: :proc_lib.init_p_do_apply/3
Last message: {:"$gen_cast", :save_logs}
State: []
19:32:48.865 [info] Application arbitrage_bot_v1 exited: ArbitrageBotV1.Application.start(:normal, []) returned an error: shutdown: failed to start child: DexBot
    ** (EXIT) an exception was raised:
        ** (UndefinedFunctionError) function Logger.info/1 is undefined or private
            (logger 1.17.0-dev) Logger.info(#Function<0.102734146/0 in LogWritter.ipt/2>)
            (arbitrage_bot_v1 0.1.0) lib/log/log_writter.ex:21: LogWritter.ipt/2
            (arbitrage_bot_v1 0.1.0) lib/initialise_dex_bot.ex:35: InitialiseDexBot.extract_list_pairs/0
            (arbitrage_bot_v1 0.1.0) lib/dex_bot.ex:35: anonymous fn/2 in DexBot.init/1
            (stdlib 5.1.1) gen_server.erl:962: :gen_server.init_it/2
            (stdlib 5.1.1) gen_server.erl:917: :gen_server.init_it/6
            (stdlib 5.1.1) proc_lib.erl:241: :proc_lib.init_p_do_apply/3
19:32:48.870 [info] Application con_cache exited: :stopped
19:32:48.870 [info] Application httpoison exited: :stopped
19:32:48.870 [info] Application hackney exited: :stopped
19:32:48.870 [info] Application metrics exited: :stopped
19:32:48.870 [info] Application ssl_verify_fun exited: :stopped
19:32:48.870 [info] Application parse_trans exited: :stopped
19:32:48.870 [info] Application syntax_tools exited: :stopped
19:32:48.870 [info] Application certifi exited: :stopped
19:32:48.870 [info] Application mimerl exited: :stopped
19:32:48.870 [info] Application w3ws exited: :stopped
19:32:48.870 [info] Application wind exited: :stopped
19:32:48.870 [info] Application mint_web_socket exited: :stopped
19:32:48.870 [info] Application ethers exited: :stopped
19:32:48.870 [info] Application idna exited: :stopped
19:32:48.870 [info] Application unicode_util_compat exited: :stopped
19:32:48.870 [info] Application ex_rlp exited: :stopped
19:32:48.870 [info] Application ex_abi exited: :stopped
19:32:48.870 [info] Application ex_keccak exited: :stopped
19:32:48.870 [info] Application rustler_precompiled exited: :stopped
19:32:48.871 [info] Application ethereumex exited: :stopped
19:32:48.871 [info] Application poolboy exited: :stopped
19:32:48.871 [info] Application finch exited: :stopped
19:32:48.871 [info] Application nimble_options exited: :stopped
19:32:48.872 [info] Application nimble_pool exited: :stopped
19:32:48.872 [info] Application mint exited: :stopped
19:32:48.872 [info] Application hpax exited: :stopped
19:32:48.872 [info] Application castore exited: :stopped
19:32:48.872 [info] Application jason exited: :stopped
19:32:48.872 [info] Application decimal exited: :stopped
19:32:48.873 [info] Application server exited: :stopped
19:32:48.874 [info] Application plug_cowboy exited: :stopped
19:32:48.874 [info] Application cowboy_telemetry exited: :stopped
19:32:48.874 [info] Application cowboy exited: :stopped
19:32:48.874 [info] Application ranch exited: :stopped
19:32:48.874 [info] Application cowlib exited: :stopped
19:32:48.875 [info] Application plug exited: :stopped
19:32:48.875 [info] Application telemetry exited: :stopped
19:32:48.875 [info] Application plug_crypto exited: :stopped
19:32:48.875 [info] Application mime exited: :stopped
19:32:48.875 [info] Application eex exited: :stopped
19:36:58.307 [error] GenServer LogSaver terminating
** (ArgumentError) construction of binary failed: segment 1 of type 'binary': expected a binary but got: nil
    (arbitrage_bot_v1 0.1.0) lib/log/log_saver.ex:32: LogSaver.handle_cast/2
    (stdlib 5.1.1) gen_server.erl:1103: :gen_server.try_handle_cast/3
    (stdlib 5.1.1) gen_server.erl:1165: :gen_server.handle_msg/6
    (stdlib 5.1.1) proc_lib.erl:241: :proc_lib.init_p_do_apply/3
Last message: {:"$gen_cast", :save_logs}
State: []
19:36:58.660 [info] Application arbitrage_bot_v1 exited: ArbitrageBotV1.Application.start(:normal, []) returned an error: shutdown: failed to start child: DexBot
    ** (EXIT) an exception was raised:
        ** (UndefinedFunctionError) function Logger.info/1 is undefined or private
            (logger 1.17.0-dev) Logger.info("sx1 test")
            (arbitrage_bot_v1 0.1.0) lib/log/log_writter.ex:22: LogWritter.ipt/2
            (arbitrage_bot_v1 0.1.0) lib/initialise_dex_bot.ex:35: InitialiseDexBot.extract_list_pairs/0
            (arbitrage_bot_v1 0.1.0) lib/dex_bot.ex:35: anonymous fn/2 in DexBot.init/1
            (stdlib 5.1.1) gen_server.erl:962: :gen_server.init_it/2
            (stdlib 5.1.1) gen_server.erl:917: :gen_server.init_it/6
            (stdlib 5.1.1) proc_lib.erl:241: :proc_lib.init_p_do_apply/3
19:36:58.664 [info] Application con_cache exited: :stopped
19:36:58.664 [info] Application httpoison exited: :stopped
19:36:58.664 [info] Application hackney exited: :stopped
19:36:58.664 [info] Application metrics exited: :stopped
19:36:58.664 [info] Application ssl_verify_fun exited: :stopped
19:36:58.664 [info] Application parse_trans exited: :stopped
19:36:58.665 [info] Application syntax_tools exited: :stopped
19:36:58.665 [info] Application certifi exited: :stopped
19:36:58.665 [info] Application mimerl exited: :stopped
19:36:58.665 [info] Application w3ws exited: :stopped
19:36:58.665 [info] Application wind exited: :stopped
19:36:58.665 [info] Application mint_web_socket exited: :stopped
19:36:58.665 [info] Application ethers exited: :stopped
19:36:58.665 [info] Application idna exited: :stopped
19:36:58.665 [info] Application unicode_util_compat exited: :stopped
19:36:58.665 [info] Application ex_rlp exited: :stopped
19:36:58.665 [info] Application ex_abi exited: :stopped
19:36:58.665 [info] Application ex_keccak exited: :stopped
19:36:58.665 [info] Application rustler_precompiled exited: :stopped
19:36:58.665 [info] Application ethereumex exited: :stopped
19:36:58.666 [info] Application poolboy exited: :stopped
19:36:58.666 [info] Application finch exited: :stopped
19:36:58.666 [info] Application nimble_options exited: :stopped
19:36:58.666 [info] Application nimble_pool exited: :stopped
19:36:58.667 [info] Application mint exited: :stopped
19:36:58.667 [info] Application hpax exited: :stopped
19:36:58.667 [info] Application castore exited: :stopped
19:36:58.667 [info] Application jason exited: :stopped
19:36:58.667 [info] Application decimal exited: :stopped
19:36:58.669 [info] Application server exited: :stopped
19:36:58.669 [info] Application plug_cowboy exited: :stopped
19:36:58.669 [info] Application cowboy_telemetry exited: :stopped
19:36:58.670 [info] Application cowboy exited: :stopped
19:36:58.670 [info] Application ranch exited: :stopped
19:36:58.670 [info] Application cowlib exited: :stopped
19:36:58.670 [info] Application plug exited: :stopped
19:36:58.671 [info] Application telemetry exited: :stopped
19:36:58.671 [info] Application plug_crypto exited: :stopped
19:36:58.671 [info] Application mime exited: :stopped
19:36:58.671 [info] Application eex exited: :stopped
19:38:33.971 [error] GenServer LogSaver terminating
** (ArgumentError) construction of binary failed: segment 1 of type 'binary': expected a binary but got: nil
    (arbitrage_bot_v1 0.1.0) lib/log/log_saver.ex:32: LogSaver.handle_cast/2
    (stdlib 5.1.1) gen_server.erl:1103: :gen_server.try_handle_cast/3
    (stdlib 5.1.1) gen_server.erl:1165: :gen_server.handle_msg/6
    (stdlib 5.1.1) proc_lib.erl:241: :proc_lib.init_p_do_apply/3
Last message: {:"$gen_cast", :save_logs}
State: []
19:38:34.284 [info] sx1 test
19:38:34.335 [info] tracking subscription 0x15 for #PID<0.509.0>
19:38:34.341 [info] tracking subscription 0x16 for #PID<0.507.0>
19:38:34.344 [error] GenServer LogSaver terminating
** (ArgumentError) construction of binary failed: segment 1 of type 'binary': expected a binary but got: nil
    (arbitrage_bot_v1 0.1.0) lib/log/log_saver.ex:32: LogSaver.handle_cast/2
    (stdlib 5.1.1) gen_server.erl:1103: :gen_server.try_handle_cast/3
    (stdlib 5.1.1) gen_server.erl:1165: :gen_server.handle_msg/6
    (stdlib 5.1.1) proc_lib.erl:241: :proc_lib.init_p_do_apply/3
Last message: {:"$gen_cast", :save_logs}
State: []
19:38:34.345 [error] GenServer LogSaver terminating
** (ArgumentError) construction of binary failed: segment 1 of type 'binary': expected a binary but got: nil
    (arbitrage_bot_v1 0.1.0) lib/log/log_saver.ex:32: LogSaver.handle_cast/2
    (stdlib 5.1.1) gen_server.erl:1103: :gen_server.try_handle_cast/3
    (stdlib 5.1.1) gen_server.erl:1165: :gen_server.handle_msg/6
    (stdlib 5.1.1) proc_lib.erl:241: :proc_lib.init_p_do_apply/3
Last message: {:"$gen_cast", :save_logs}
State: []
19:38:34.345 [error] GenServer LogSaver terminating
** (ArgumentError) construction of binary failed: segment 1 of type 'binary': expected a binary but got: nil
    (arbitrage_bot_v1 0.1.0) lib/log/log_saver.ex:32: LogSaver.handle_cast/2
    (stdlib 5.1.1) gen_server.erl:1103: :gen_server.try_handle_cast/3
    (stdlib 5.1.1) gen_server.erl:1165: :gen_server.handle_msg/6
    (stdlib 5.1.1) proc_lib.erl:241: :proc_lib.init_p_do_apply/3
Last message: {:"$gen_cast", :save_logs}
State: []
19:38:34.349 [info] Application arbitrage_bot_v1 exited: shutdown
19:39:27.350 [error] GenServer LogSaver terminating
** (ArgumentError) construction of binary failed: segment 1 of type 'binary': expected a binary but got: nil
    (arbitrage_bot_v1 0.1.0) lib/log/log_saver.ex:32: LogSaver.handle_cast/2
    (stdlib 5.1.1) gen_server.erl:1103: :gen_server.try_handle_cast/3
    (stdlib 5.1.1) gen_server.erl:1165: :gen_server.handle_msg/6
    (stdlib 5.1.1) proc_lib.erl:241: :proc_lib.init_p_do_apply/3
Last message: {:"$gen_cast", :save_logs}
State: []
19:39:27.730 [info] sx1 list_dex with LW.ipt: ["pancakeswap", "sushiswap", "uniswap"]
19:39:27.772 [info] tracking subscription 0x17 for #PID<0.508.0>
19:39:27.777 [info] tracking subscription 0x18 for #PID<0.506.0>
19:39:27.777 [error] GenServer LogSaver terminating
** (ArgumentError) construction of binary failed: segment 1 of type 'binary': expected a binary but got: nil
    (arbitrage_bot_v1 0.1.0) lib/log/log_saver.ex:32: LogSaver.handle_cast/2
    (stdlib 5.1.1) gen_server.erl:1103: :gen_server.try_handle_cast/3
    (stdlib 5.1.1) gen_server.erl:1165: :gen_server.handle_msg/6
    (stdlib 5.1.1) proc_lib.erl:241: :proc_lib.init_p_do_apply/3
Last message: {:"$gen_cast", :save_logs}
State: []
19:39:27.778 [error] GenServer LogSaver terminating
** (ArgumentError) construction of binary failed: segment 1 of type 'binary': expected a binary but got: nil
    (arbitrage_bot_v1 0.1.0) lib/log/log_saver.ex:32: LogSaver.handle_cast/2
    (stdlib 5.1.1) gen_server.erl:1103: :gen_server.try_handle_cast/3
    (stdlib 5.1.1) gen_server.erl:1165: :gen_server.handle_msg/6
    (stdlib 5.1.1) proc_lib.erl:241: :proc_lib.init_p_do_apply/3
Last message: {:"$gen_cast", :save_logs}
State: []
19:39:27.779 [error] GenServer LogSaver terminating
** (ArgumentError) construction of binary failed: segment 1 of type 'binary': expected a binary but got: nil
    (arbitrage_bot_v1 0.1.0) lib/log/log_saver.ex:32: LogSaver.handle_cast/2
    (stdlib 5.1.1) gen_server.erl:1103: :gen_server.try_handle_cast/3
    (stdlib 5.1.1) gen_server.erl:1165: :gen_server.handle_msg/6
    (stdlib 5.1.1) proc_lib.erl:241: :proc_lib.init_p_do_apply/3
Last message: {:"$gen_cast", :save_logs}
State: []
19:39:27.783 [info] Application arbitrage_bot_v1 exited: shutdown
19:41:31.169 [error] GenServer LogSaver terminating
** (ArgumentError) construction of binary failed: segment 1 of type 'binary': expected a binary but got: nil
    (arbitrage_bot_v1 0.1.0) lib/log/log_saver.ex:32: LogSaver.handle_cast/2
    (stdlib 5.1.1) gen_server.erl:1103: :gen_server.try_handle_cast/3
    (stdlib 5.1.1) gen_server.erl:1165: :gen_server.handle_msg/6
    (stdlib 5.1.1) proc_lib.erl:241: :proc_lib.init_p_do_apply/3
Last message: {:"$gen_cast", :save_logs}
State: []
19:41:31.515 [warning] sx1 list_dex with LW.ipt: ["pancakeswap", "sushiswap", "uniswap"]
19:41:31.558 [info] tracking subscription 0x19 for #PID<0.508.0>
19:41:31.563 [info] tracking subscription 0x1a for #PID<0.506.0>
19:41:31.565 [error] GenServer LogSaver terminating
** (ArgumentError) construction of binary failed: segment 1 of type 'binary': expected a binary but got: nil
    (arbitrage_bot_v1 0.1.0) lib/log/log_saver.ex:32: LogSaver.handle_cast/2
    (stdlib 5.1.1) gen_server.erl:1103: :gen_server.try_handle_cast/3
    (stdlib 5.1.1) gen_server.erl:1165: :gen_server.handle_msg/6
    (stdlib 5.1.1) proc_lib.erl:241: :proc_lib.init_p_do_apply/3
Last message: {:"$gen_cast", :save_logs}
State: []
19:41:31.566 [error] GenServer LogSaver terminating
** (ArgumentError) construction of binary failed: segment 1 of type 'binary': expected a binary but got: nil
    (arbitrage_bot_v1 0.1.0) lib/log/log_saver.ex:32: LogSaver.handle_cast/2
    (stdlib 5.1.1) gen_server.erl:1103: :gen_server.try_handle_cast/3
    (stdlib 5.1.1) gen_server.erl:1165: :gen_server.handle_msg/6
    (stdlib 5.1.1) proc_lib.erl:241: :proc_lib.init_p_do_apply/3
Last message: {:"$gen_cast", :save_logs}
State: []
19:41:31.567 [error] GenServer LogSaver terminating
** (ArgumentError) construction of binary failed: segment 1 of type 'binary': expected a binary but got: nil
    (arbitrage_bot_v1 0.1.0) lib/log/log_saver.ex:32: LogSaver.handle_cast/2
    (stdlib 5.1.1) gen_server.erl:1103: :gen_server.try_handle_cast/3
    (stdlib 5.1.1) gen_server.erl:1165: :gen_server.handle_msg/6
    (stdlib 5.1.1) proc_lib.erl:241: :proc_lib.init_p_do_apply/3
Last message: {:"$gen_cast", :save_logs}
State: []
19:41:31.570 [info] Application arbitrage_bot_v1 exited: shutdown
19:44:23.820 [error] GenServer LogSaver terminating
** (ArgumentError) construction of binary failed: segment 1 of type 'binary': expected a binary but got: nil
    (arbitrage_bot_v1 0.1.0) lib/log/log_saver.ex:32: LogSaver.handle_cast/2
    (stdlib 5.1.1) gen_server.erl:1103: :gen_server.try_handle_cast/3
    (stdlib 5.1.1) gen_server.erl:1165: :gen_server.handle_msg/6
    (stdlib 5.1.1) proc_lib.erl:241: :proc_lib.init_p_do_apply/3
Last message: {:"$gen_cast", :save_logs}
State: []
19:44:24.201 [warning] sx1 list_dex with LW.ipt: ["pancakeswap", "sushiswap", "uniswap"]
19:44:24.249 [info] tracking subscription 0x1b for #PID<0.509.0>
19:44:24.253 [info] tracking subscription 0x1c for #PID<0.507.0>
19:44:24.255 [error] GenServer LogSaver terminating
** (ArgumentError) construction of binary failed: segment 1 of type 'binary': expected a binary but got: nil
    (arbitrage_bot_v1 0.1.0) lib/log/log_saver.ex:32: LogSaver.handle_cast/2
    (stdlib 5.1.1) gen_server.erl:1103: :gen_server.try_handle_cast/3
    (stdlib 5.1.1) gen_server.erl:1165: :gen_server.handle_msg/6
    (stdlib 5.1.1) proc_lib.erl:241: :proc_lib.init_p_do_apply/3
Last message: {:"$gen_cast", :save_logs}
State: []
19:44:24.255 [error] GenServer LogSaver terminating
** (ArgumentError) construction of binary failed: segment 1 of type 'binary': expected a binary but got: nil
    (arbitrage_bot_v1 0.1.0) lib/log/log_saver.ex:32: LogSaver.handle_cast/2
    (stdlib 5.1.1) gen_server.erl:1103: :gen_server.try_handle_cast/3
    (stdlib 5.1.1) gen_server.erl:1165: :gen_server.handle_msg/6
    (stdlib 5.1.1) proc_lib.erl:241: :proc_lib.init_p_do_apply/3
Last message: {:"$gen_cast", :save_logs}
State: []
19:44:24.256 [error] GenServer LogSaver terminating
** (ArgumentError) construction of binary failed: segment 1 of type 'binary': expected a binary but got: nil
    (arbitrage_bot_v1 0.1.0) lib/log/log_saver.ex:32: LogSaver.handle_cast/2
    (stdlib 5.1.1) gen_server.erl:1103: :gen_server.try_handle_cast/3
    (stdlib 5.1.1) gen_server.erl:1165: :gen_server.handle_msg/6
    (stdlib 5.1.1) proc_lib.erl:241: :proc_lib.init_p_do_apply/3
Last message: {:"$gen_cast", :save_logs}
State: []
19:44:24.259 [info] Application arbitrage_bot_v1 exited: shutdown
19:44:51.576 [info] test
19:45:16.371 [error] test
19:53:15.610 [info] test
19:53:17.723 [info] test
19:53:18.286 [info] test
19:53:19.367 [info] test
19:58:31.252 [error] GenServer LogSaver terminating
** (ArgumentError) construction of binary failed: segment 1 of type 'binary': expected a binary but got: nil
    (arbitrage_bot_v1 0.1.0) lib/log/log_saver.ex:32: LogSaver.handle_cast/2
    (stdlib 5.1.1) gen_server.erl:1103: :gen_server.try_handle_cast/3
    (stdlib 5.1.1) gen_server.erl:1165: :gen_server.handle_msg/6
    (stdlib 5.1.1) proc_lib.erl:241: :proc_lib.init_p_do_apply/3
Last message: {:"$gen_cast", :save_logs}
State: []
19:58:31.685 [info] tracking subscription 0x1d for #PID<0.510.0>
19:58:31.701 [info] tracking subscription 0x1e for #PID<0.508.0>
20:04:01.175 [info] tracking subscription 0x1f for #PID<0.501.0>
20:04:01.186 [info] tracking subscription 0x20 for #PID<0.499.0>
20:04:11.190 [info] [BlockPing] current block: 20840826 (0x13e017a)
20:09:11.392 [info] tracking subscription 0x21 for #PID<0.506.0>
20:09:11.397 [info] tracking subscription 0x22 for #PID<0.504.0>
20:09:21.400 [info] [BlockPing] current block: 20840826 (0x13e017a)
20:10:12.667 [info] tracking subscription 0x23 for #PID<0.506.0>
20:10:12.672 [info] tracking subscription 0x24 for #PID<0.504.0>
20:10:22.674 [info] [BlockPing] current block: 20840826 (0x13e017a)
20:12:39.978 [info] tracking subscription 0x25 for #PID<0.509.0>
20:12:39.984 [info] tracking subscription 0x26 for #PID<0.507.0>
20:12:49.987 [info] [BlockPing] current block: 20840826 (0x13e017a)
20:13:34.362 [info] tracking subscription 0x27 for #PID<0.504.0>
20:13:34.404 [info] tracking subscription 0x28 for #PID<0.502.0>
20:13:44.407 [info] [BlockPing] current block: 20840826 (0x13e017a)
20:15:47.036 [info] tracking subscription 0x29 for #PID<0.509.0>
20:15:47.042 [info] tracking subscription 0x2a for #PID<0.507.0>
20:15:57.043 [info] [BlockPing] current block: 20840826 (0x13e017a)
20:20:47.044 [info] tracking subscription 0x2b for #PID<0.507.0>
20:25:47.045 [info] tracking subscription 0x2c for #PID<0.507.0>
20:30:47.046 [info] tracking subscription 0x2d for #PID<0.507.0>
20:35:47.047 [info] tracking subscription 0x2e for #PID<0.507.0>
20:38:51.906 [info] tracking subscription 0x2f for #PID<0.515.0>
20:38:51.911 [info] tracking subscription 0x30 for #PID<0.513.0>
20:39:01.914 [info] [BlockPing] current block: 20840826 (0x13e017a)
20:40:50.994 [info] tracking subscription 0x31 for #PID<0.510.0>
20:40:51.000 [info] tracking subscription 0x32 for #PID<0.508.0>
20:41:01.001 [info] [BlockPing] current block: 20840826 (0x13e017a)
20:45:51.002 [info] tracking subscription 0x33 for #PID<0.508.0>
20:50:51.003 [info] tracking subscription 0x34 for #PID<0.508.0>
20:55:51.004 [info] tracking subscription 0x35 for #PID<0.508.0>
21:00:51.005 [info] tracking subscription 0x36 for #PID<0.508.0>
21:05:51.006 [info] tracking subscription 0x37 for #PID<0.508.0>
21:08:10.428 [info] tracking subscription 0x38 for #PID<0.516.0>
21:08:10.434 [info] tracking subscription 0x39 for #PID<0.514.0>
21:08:20.436 [info] [BlockPing] current block: 20840826 (0x13e017a)
