["pancakeswap", "sushiswap", "uniswap"]["pancakeswap", "sushiswap", "uniswap"]["pancakeswap", "sushiswap", "uniswap"]["pancakeswap", "sushiswap", "uniswap"]["pancakeswap", "sushiswap", "uniswap"]["pancakeswap", "sushiswap", "uniswap"]["pancakeswap", "sushiswap", "uniswap"]["pancakeswap", "sushiswap", "uniswap"]["pancakeswap", "sushiswap", "uniswap"]["pancakeswap", "sushiswap", "uniswap"]["pancakeswap", "sushiswap", "uniswap"]["pancakeswap", "sushiswap", "uniswap"]["pancakeswap", "sushiswap", "uniswap"]["pancakeswap", "sushiswap", "uniswap"]["pancakeswap", "sushiswap", "uniswap"]["pancakeswap", "sushiswap", "uniswap"]["pancakeswap", "sushiswap", "uniswap"]["pancakeswap", "sushiswap", "uniswap"]["pancakeswap", "sushiswap", "uniswap"]["pancakeswap", "sushiswap", "uniswap"]["pancakeswap", "sushiswap", "uniswap"]["pancakeswap", "sushiswap", "uniswap"]["pancakeswap", "sushiswap", "uniswap"]["pancakeswap", "sushiswap", "uniswap"]["pancakeswap", "sushiswap", "uniswap"]["pancakeswap", "sushiswap", "uniswap"]
["pancakeswap", "sushiswap", "uniswap"]
["pancakeswap", "sushiswap", "uniswap"]
["pancakeswap", "sushiswap", "uniswap"]
["pancakeswap", "sushiswap", "uniswap"]
["pancakeswap", "sushiswap", "uniswap"]
["pancakeswap", "sushiswap", "uniswap"]
["pancakeswap", "sushiswap", "uniswap"]
["pancakeswap", "sushiswap", "uniswap"]
["pancakeswap", "sushiswap", "uniswap"]
["pancakeswap", "sushiswap", "uniswap"]
["pancakeswap", "sushiswap", "uniswap"]
["pancakeswap", "sushiswap", "uniswap"]
["pancakeswap", "sushiswap", "uniswap"]
["pancakeswap", "sushiswap", "uniswap"]
["pancakeswap", "sushiswap", "uniswap"]
["pancakeswap", "sushiswap", "uniswap"]
["pancakeswap", "sushiswap", "uniswap"]
["pancakeswap", "sushiswap", "uniswap"]
["pancakeswap", "sushiswap", "uniswap"]
"test1"
10_9_11:["pancakeswap", "sushiswap", "uniswap"]
Time: 10:10:13  ["pancakeswap", "sushiswap", "uniswap"]
Time: 10:11:12  "test2"
Time: 10:12:40  ["pancakeswap", "sushiswap", "uniswap"]
Time: 10:13:35  ["pancakeswap", "sushiswap", "uniswap"]
Time: 10:13:51  "test3"
Time: 10:15:47  ["pancakeswap", "sushiswap", "uniswap"]
Time: 10:16:1  "test4"
Time: 10:38:52  ["pancakeswap", "sushiswap", "uniswap"]
Time: 10:39:5  "test5"
Time: 10:39:21  "test6"
Time: 10:41:50  ["pancakeswap", "sushiswap", "uniswap"]
Time: 11:9:9  ["pancakeswap", "sushiswap", "uniswap"]
